<?xml version="1.0" encoding="UTF-8"?>
<!-- Generated by org.testng.reporters.JUnitReportReporter -->
<testsuite hostname="DESKTOP-JC5UOC0" failures="0" tests="1" name="tests.AppTest" time="25.276" errors="0" timestamp="2025-05-19T22:28:52 IST" skipped="0">
  <testcase classname="tests.AppTest" name="appTest" time="25.276"/>
  <system-out/>
</testsuite> <!-- tests.AppTest -->
