<?xml version="1.0" encoding="UTF-8"?>
<!-- Generated by org.testng.reporters.JUnitReportReporter -->
<testsuite hostname="DESKTOP-JC5UOC0" failures="0" tests="1" name="assignments.Question3" time="33.012" errors="0" timestamp="2025-05-21T22:22:13 IST" skipped="0">
  <testcase classname="assignments.Question3" name="dragAndDropTest" time="33.012"/>
  <system-out/>
</testsuite> <!-- assignments.Question3 -->
