<?xml version="1.0" encoding="UTF-8"?>
<!-- Generated by org.testng.reporters.JUnitReportReporter -->
<testsuite hostname="DESKTOP-JC5UOC0" failures="0" tests="1" name="android.keyevents.AutomateKeyboardEvents" time="51.779" errors="0" timestamp="2025-05-20T22:20:57 IST" skipped="0">
  <testcase classname="android.keyevents.AutomateKeyboardEvents" name="testKeyPressEvent" time="51.779"/>
  <system-out/>
</testsuite> <!-- android.keyevents.AutomateKeyboardEvents -->
