<?xml version="1.0" encoding="UTF-8"?>
<!-- Generated by org.testng.reporters.JUnitReportReporter -->
<testsuite hostname="DESKTOP-JC5UOC0" failures="0" tests="1" name="assignments.Question1" time="15.915" errors="0" timestamp="2025-05-21T22:29:17 IST" skipped="0">
  <testcase classname="assignments.Question1" name="getSessionID" time="15.915"/>
  <system-out/>
</testsuite> <!-- assignments.Question1 -->
