<?xml version="1.0" encoding="UTF-8"?>
<!-- Generated by org.testng.reporters.JUnitReportReporter -->
<testsuite hostname="DESKTOP-JC5UOC0" failures="0" tests="1" name="android.day5.TestNotifications" time="28.610" errors="0" timestamp="2025-05-21T22:07:01 IST" skipped="0">
  <testcase classname="android.day5.TestNotifications" name="testNotifications" time="28.610"/>
  <system-out/>
</testsuite> <!-- android.day5.TestNotifications -->
