<?xml version="1.0" encoding="UTF-8"?>
<!-- Generated by org.testng.reporters.JUnitReportReporter -->
<testsuite hostname="DESKTOP-JC5UOC0" failures="0" tests="1" name="tests.TestLogin" time="19.423" errors="0" timestamp="2025-05-20T22:05:50 IST" skipped="0">
  <testcase classname="tests.TestLogin" name="loginTest" time="19.423"/>
  <system-out/>
</testsuite> <!-- tests.TestLogin -->
