<?xml version="1.0" encoding="UTF-8"?>
<!-- Generated by org.testng.reporters.JUnitReportReporter -->
<testsuite hostname="DESKTOP-JC5UOC0" failures="0" tests="1" name="codes.AppManagementAndroid" time="21.703" errors="0" timestamp="2025-05-20T21:33:16 IST" skipped="0">
  <testcase classname="codes.AppManagementAndroid" name="testAppManagement" time="21.703"/>
  <system-out/>
</testsuite> <!-- codes.AppManagementAndroid -->
