<?xml version="1.0" encoding="UTF-8"?>
<!-- Generated by org.testng.reporters.JUnitReportReporter -->
<testsuite hostname="DESKTOP-JC5UOC0" failures="0" tests="1" name="android.gestures.TestAndroidGestures" time="37.792" errors="0" timestamp="2025-05-20T19:24:08 IST" skipped="0">
  <testcase classname="android.gestures.TestAndroidGestures" name="testGestures" time="37.792"/>
  <system-out/>
</testsuite> <!-- android.gestures.TestAndroidGestures -->
