<?xml version="1.0" encoding="UTF-8"?>
<!-- Generated by org.testng.reporters.JUnitReportReporter -->
<testsuite hostname="DESKTOP-JC5UOC0" failures="0" tests="1" name="android.gestures.TestingClickGesture" time="11.017" errors="0" timestamp="2025-05-20T19:27:17 IST" skipped="0">
  <testcase classname="android.gestures.TestingClickGesture" name="testClickGesture" time="11.017"/>
  <system-out/>
</testsuite> <!-- android.gestures.TestingClickGesture -->
