<?xml version="1.0" encoding="UTF-8"?>
<!-- Generated by org.testng.reporters.JUnitReportReporter -->
<testsuite hostname="DESKTOP-JC5UOC0" failures="0" tests="1" name="codes.AppManagementAndroid" time="28.120" errors="0" timestamp="2025-05-20T10:50:31 IST" skipped="0">
  <testcase classname="codes.AppManagementAndroid" name="testAppManagement" time="28.120"/>
  <system-out/>
</testsuite> <!-- codes.AppManagementAndroid -->
