<?xml version="1.0" encoding="UTF-8"?>
<!-- Generated by org.testng.reporters.JUnitReportReporter -->
<testsuite hostname="DESKTOP-JC5UOC0" failures="0" tests="1" name="codes.AndroidLocators" time="14.689" errors="0" timestamp="2025-05-20T11:10:09 IST" skipped="0">
  <testcase classname="codes.AndroidLocators" name="testLocators" time="14.689"/>
  <system-out/>
</testsuite> <!-- codes.AndroidLocators -->
