<?xml version="1.0" encoding="UTF-8"?>
<!-- Generated by org.testng.reporters.JUnitReportReporter -->
<testsuite hostname="DESKTOP-JC5UOC0" failures="0" tests="1" name="codes.AutomateAlertsInMobileApp" time="30.474" errors="0" timestamp="2025-05-20T18:08:47 IST" skipped="0">
  <testcase classname="codes.AutomateAlertsInMobileApp" name="testAlert" time="30.474"/>
  <system-out/>
</testsuite> <!-- codes.AutomateAlertsInMobileApp -->
