<?xml version="1.0" encoding="UTF-8"?>
<!-- Generated by org.testng.reporters.JUnitReportReporter -->
<testsuite hostname="DESKTOP-JC5UOC0" failures="0" tests="1" name="assignments.Question4" time="15.884" errors="0" timestamp="2025-05-21T22:22:13 IST" skipped="0">
  <testcase classname="assignments.Question4" name="testScreenshot" time="15.884"/>
  <system-out/>
</testsuite> <!-- assignments.Question4 -->
