<?xml version="1.0" encoding="UTF-8"?>
<!-- Generated by org.testng.reporters.JUnitReportReporter -->
<testsuite hostname="DESKTOP-JC5UOC0" failures="0" tests="1" name="tests.ExtentReportTest" time="1.717" errors="0" timestamp="2025-05-21T20:47:17 IST" skipped="0">
  <testcase classname="tests.ExtentReportTest" name="testGenerateExtentReport" time="1.717"/>
  <system-out/>
</testsuite> <!-- tests.ExtentReportTest -->
