<?xml version="1.0" encoding="UTF-8"?>
<!-- Generated by org.testng.reporters.JUnitReportReporter -->
<testsuite hostname="DESKTOP-JC5UOC0" failures="0" tests="1" name="tests.TestLocators" time="15.744" errors="0" timestamp="2025-05-21T21:01:20 IST" skipped="0">
  <testcase classname="tests.TestLocators" name="testLocators" time="15.744"/>
  <system-out/>
</testsuite> <!-- tests.TestLocators -->
