<?xml version="1.0" encoding="UTF-8"?>
<!-- Generated by org.testng.reporters.JUnitReportReporter -->
<testsuite hostname="DESKTOP-JC5UOC0" failures="0" tests="1" name="android.gestures.TestDragGesture" time="28.629" errors="0" timestamp="2025-05-21T21:55:23 IST" skipped="0">
  <testcase classname="android.gestures.TestDragGesture" name="testDragGesture" time="28.629"/>
  <system-out/>
</testsuite> <!-- android.gestures.TestDragGesture -->
