<?xml version="1.0" encoding="UTF-8"?>
<!-- Generated by org.testng.reporters.JUnitReportReporter -->
<testsuite hostname="DESKTOP-JC5UOC0" failures="0" tests="1" name="android.keyevents.AutomateKeyboardEvents" time="22.056" errors="0" timestamp="2025-05-20T19:32:31 IST" skipped="0">
  <testcase classname="android.keyevents.AutomateKeyboardEvents" name="testKeyPressEvent" time="22.056"/>
  <system-out/>
</testsuite> <!-- android.keyevents.AutomateKeyboardEvents -->
