<?xml version="1.0" encoding="UTF-8"?>
<!-- Generated by org.testng.reporters.JUnitReportReporter -->
<testsuite hostname="DESKTOP-JC5UOC0" failures="0" tests="1" name="android.gestures.AndroidGesturesTest2" time="19.415" errors="0" timestamp="2025-05-20T19:00:20 IST" skipped="0">
  <testcase classname="android.gestures.AndroidGesturesTest2" name="testGesture" time="19.415"/>
  <system-out/>
</testsuite> <!-- android.gestures.AndroidGesturesTest2 -->
