<?xml version="1.0" encoding="UTF-8"?>
<!-- Generated by org.testng.reporters.JUnitReportReporter -->
<testsuite hostname="DESKTOP-JC5UOC0" failures="0" tests="1" name="tests.TestLogin" time="12.408" errors="0" timestamp="2025-05-21T21:08:12 IST" skipped="0">
  <testcase classname="tests.TestLogin" name="loginTest" time="12.408"/>
  <system-out/>
</testsuite> <!-- tests.TestLogin -->
