<?xml version="1.0" encoding="UTF-8"?>
<!-- Generated by org.testng.reporters.JUnitReportReporter -->
<testsuite hostname="DESKTOP-JC5UOC0" failures="0" tests="1" name="tests.LoggingTest" time="0.052" errors="0" timestamp="2025-05-21T20:44:26 IST" skipped="0">
  <testcase classname="tests.LoggingTest" name="sampleTestWithLogging" time="0.052"/>
  <system-out/>
</testsuite> <!-- tests.LoggingTest -->
