<?xml version="1.0" encoding="UTF-8"?>
<!-- Generated by org.testng.reporters.JUnitReportReporter -->
<testsuite hostname="DESKTOP-JC5UOC0" failures="0" tests="1" name="android.day5.PerformanceAnalysisForApp" time="16.824" errors="0" timestamp="2025-05-21T22:14:34 IST" skipped="0">
  <testcase classname="android.day5.PerformanceAnalysisForApp" name="performanecParameterTesting" time="16.824"/>
  <system-out/>
</testsuite> <!-- android.day5.PerformanceAnalysisForApp -->
