<?xml version="1.0" encoding="UTF-8"?>
<!-- Generated by org.testng.reporters.JUnitReportReporter -->
<testsuite hostname="DESKTOP-JC5UOC0" failures="0" tests="1" name="codes.AutomateAlertsInMobileApp" time="42.071" errors="0" timestamp="2025-05-20T21:49:14 IST" skipped="0">
  <testcase classname="codes.AutomateAlertsInMobileApp" name="testAlert" time="42.071"/>
  <system-out/>
</testsuite> <!-- codes.AutomateAlertsInMobileApp -->
