<?xml version="1.0" encoding="UTF-8"?>
<!-- Generated by org.testng.reporters.JUnitReportReporter -->
<testsuite hostname="DESKTOP-JC5UOC0" failures="0" tests="1" name="android.deviceLockUnlock.TestDeviceLock_Unlock_Rotate" time="25.276" errors="0" timestamp="2025-05-20T19:38:23 IST" skipped="0">
  <testcase classname="android.deviceLockUnlock.TestDeviceLock_Unlock_Rotate" name="deviceLockUnlock" time="25.276"/>
  <system-out/>
</testsuite> <!-- android.deviceLockUnlock.TestDeviceLock_Unlock_Rotate -->
