<?xml version="1.0" encoding="UTF-8"?>
<!-- Generated by org.testng.reporters.JUnitReportReporter -->
<testsuite hostname="DESKTOP-JC5UOC0" failures="0" tests="1" name="tests.TestLocators" time="23.232" errors="0" timestamp="2025-05-20T20:46:56 IST" skipped="0">
  <testcase classname="tests.TestLocators" name="testLocators" time="23.232"/>
  <system-out/>
</testsuite> <!-- tests.TestLocators -->
